19:12:08,582 (main) INFO  [DataNucleus.Enhancer] - DataNucleus Enhancer for API "JPA"
19:12:45,936 (main) INFO  [DataNucleus.Enhancer] - DataNucleus Enhancer for API "JPA"
19:16:59,852 (main) INFO  [DataNucleus.Enhancer] - DataNucleus Enhancer for API "JPA"
19:17:00,175 (main) INFO  [DataNucleus.Enhancer] - DataNucleus Enhancer (version 3.1.1) : Enhancement of classes
19:17:00,468 (main) ERROR [DataNucleus.Enhancer] - DataNucleus Enhancer completed with an error. Please review the enhancer log for full details. Some classes may have been enhanced but some caused errors
Errors were encountered when loading the MetaData for the persistence-unit "token-offline-engine-persistence-unit". See the nested exceptions for details
org.datanucleus.exceptions.NucleusUserException: Errors were encountered when loading the MetaData for the persistence-unit "token-offline-engine-persistence-unit". See the nested exceptions for details
	at org.datanucleus.metadata.MetaDataManager.loadPersistenceUnit(MetaDataManager.java:979)
	at org.datanucleus.enhancer.DataNucleusEnhancer.getFileMetadataForInput(DataNucleusEnhancer.java:793)
	at org.datanucleus.enhancer.DataNucleusEnhancer.enhance(DataNucleusEnhancer.java:525)
	at org.datanucleus.enhancer.DataNucleusEnhancer.main(DataNucleusEnhancer.java:1258)
Caused by: org.datanucleus.exceptions.ClassNotResolvedException: Class "org.apache.logging.log4j.core.appender.db.jpa.converter.MarkerAttributeConverter" was not found in the CLASSPATH. Please check your specification and your CLASSPATH.
	at org.datanucleus.JDOClassLoaderResolver.classForName(JDOClassLoaderResolver.java:245)
	at org.datanucleus.JDOClassLoaderResolver.classForName(JDOClassLoaderResolver.java:410)
	at org.datanucleus.metadata.MetaDataManager.loadPersistenceUnit(MetaDataManager.java:954)
	... 3 more
Nested Throwables StackTrace:
Class "org.apache.logging.log4j.core.appender.db.jpa.converter.MarkerAttributeConverter" was not found in the CLASSPATH. Please check your specification and your CLASSPATH.
org.datanucleus.exceptions.ClassNotResolvedException: Class "org.apache.logging.log4j.core.appender.db.jpa.converter.MarkerAttributeConverter" was not found in the CLASSPATH. Please check your specification and your CLASSPATH.
	at org.datanucleus.JDOClassLoaderResolver.classForName(JDOClassLoaderResolver.java:245)
	at org.datanucleus.JDOClassLoaderResolver.classForName(JDOClassLoaderResolver.java:410)
	at org.datanucleus.metadata.MetaDataManager.loadPersistenceUnit(MetaDataManager.java:954)
	at org.datanucleus.enhancer.DataNucleusEnhancer.getFileMetadataForInput(DataNucleusEnhancer.java:793)
	at org.datanucleus.enhancer.DataNucleusEnhancer.enhance(DataNucleusEnhancer.java:525)
	at org.datanucleus.enhancer.DataNucleusEnhancer.main(DataNucleusEnhancer.java:1258)
Class "org.apache.logging.log4j.core.appender.db.jpa.converter.ContextStackJsonAttributeConverter" was not found in the CLASSPATH. Please check your specification and your CLASSPATH.
org.datanucleus.exceptions.ClassNotResolvedException: Class "org.apache.logging.log4j.core.appender.db.jpa.converter.ContextStackJsonAttributeConverter" was not found in the CLASSPATH. Please check your specification and your CLASSPATH.
	at org.datanucleus.JDOClassLoaderResolver.classForName(JDOClassLoaderResolver.java:245)
	at org.datanucleus.JDOClassLoaderResolver.classForName(JDOClassLoaderResolver.java:410)
	at org.datanucleus.metadata.MetaDataManager.loadPersistenceUnit(MetaDataManager.java:954)
	at org.datanucleus.enhancer.DataNucleusEnhancer.getFileMetadataForInput(DataNucleusEnhancer.java:793)
	at org.datanucleus.enhancer.DataNucleusEnhancer.enhance(DataNucleusEnhancer.java:525)
	at org.datanucleus.enhancer.DataNucleusEnhancer.main(DataNucleusEnhancer.java:1258)
Class "org.apache.logging.log4j.core.appender.db.jpa.converter.ContextMapAttributeConverter" was not found in the CLASSPATH. Please check your specification and your CLASSPATH.
org.datanucleus.exceptions.ClassNotResolvedException: Class "org.apache.logging.log4j.core.appender.db.jpa.converter.ContextMapAttributeConverter" was not found in the CLASSPATH. Please check your specification and your CLASSPATH.
	at org.datanucleus.JDOClassLoaderResolver.classForName(JDOClassLoaderResolver.java:245)
	at org.datanucleus.JDOClassLoaderResolver.classForName(JDOClassLoaderResolver.java:410)
	at org.datanucleus.metadata.MetaDataManager.loadPersistenceUnit(MetaDataManager.java:954)
	at org.datanucleus.enhancer.DataNucleusEnhancer.getFileMetadataForInput(DataNucleusEnhancer.java:793)
	at org.datanucleus.enhancer.DataNucleusEnhancer.enhance(DataNucleusEnhancer.java:525)
	at org.datanucleus.enhancer.DataNucleusEnhancer.main(DataNucleusEnhancer.java:1258)
Class "org.apache.logging.log4j.core.appender.db.jpa.converter.StackTraceElementAttributeConverter" was not found in the CLASSPATH. Please check your specification and your CLASSPATH.
org.datanucleus.exceptions.ClassNotResolvedException: Class "org.apache.logging.log4j.core.appender.db.jpa.converter.StackTraceElementAttributeConverter" was not found in the CLASSPATH. Please check your specification and your CLASSPATH.
	at org.datanucleus.JDOClassLoaderResolver.classForName(JDOClassLoaderResolver.java:245)
	at org.datanucleus.JDOClassLoaderResolver.classForName(JDOClassLoaderResolver.java:410)
	at org.datanucleus.metadata.MetaDataManager.loadPersistenceUnit(MetaDataManager.java:954)
	at org.datanucleus.enhancer.DataNucleusEnhancer.getFileMetadataForInput(DataNucleusEnhancer.java:793)
	at org.datanucleus.enhancer.DataNucleusEnhancer.enhance(DataNucleusEnhancer.java:525)
	at org.datanucleus.enhancer.DataNucleusEnhancer.main(DataNucleusEnhancer.java:1258)
Class "org.apache.logging.log4j.core.appender.db.jpa.converter.ContextMapJsonAttributeConverter" was not found in the CLASSPATH. Please check your specification and your CLASSPATH.
org.datanucleus.exceptions.ClassNotResolvedException: Class "org.apache.logging.log4j.core.appender.db.jpa.converter.ContextMapJsonAttributeConverter" was not found in the CLASSPATH. Please check your specification and your CLASSPATH.
	at org.datanucleus.JDOClassLoaderResolver.classForName(JDOClassLoaderResolver.java:245)
	at org.datanucleus.JDOClassLoaderResolver.classForName(JDOClassLoaderResolver.java:410)
	at org.datanucleus.metadata.MetaDataManager.loadPersistenceUnit(MetaDataManager.java:954)
	at org.datanucleus.enhancer.DataNucleusEnhancer.getFileMetadataForInput(DataNucleusEnhancer.java:793)
	at org.datanucleus.enhancer.DataNucleusEnhancer.enhance(DataNucleusEnhancer.java:525)
	at org.datanucleus.enhancer.DataNucleusEnhancer.main(DataNucleusEnhancer.java:1258)
Class "org.apache.logging.log4j.core.appender.db.jpa.converter.MessageAttributeConverter" was not found in the CLASSPATH. Please check your specification and your CLASSPATH.
org.datanucleus.exceptions.ClassNotResolvedException: Class "org.apache.logging.log4j.core.appender.db.jpa.converter.MessageAttributeConverter" was not found in the CLASSPATH. Please check your specification and your CLASSPATH.
	at org.datanucleus.JDOClassLoaderResolver.classForName(JDOClassLoaderResolver.java:245)
	at org.datanucleus.JDOClassLoaderResolver.classForName(JDOClassLoaderResolver.java:410)
	at org.datanucleus.metadata.MetaDataManager.loadPersistenceUnit(MetaDataManager.java:954)
	at org.datanucleus.enhancer.DataNucleusEnhancer.getFileMetadataForInput(DataNucleusEnhancer.java:793)
	at org.datanucleus.enhancer.DataNucleusEnhancer.enhance(DataNucleusEnhancer.java:525)
	at org.datanucleus.enhancer.DataNucleusEnhancer.main(DataNucleusEnhancer.java:1258)
Class "org.apache.logging.log4j.core.appender.db.jpa.converter.ContextStackAttributeConverter" was not found in the CLASSPATH. Please check your specification and your CLASSPATH.
org.datanucleus.exceptions.ClassNotResolvedException: Class "org.apache.logging.log4j.core.appender.db.jpa.converter.ContextStackAttributeConverter" was not found in the CLASSPATH. Please check your specification and your CLASSPATH.
	at org.datanucleus.JDOClassLoaderResolver.classForName(JDOClassLoaderResolver.java:245)
	at org.datanucleus.JDOClassLoaderResolver.classForName(JDOClassLoaderResolver.java:410)
	at org.datanucleus.metadata.MetaDataManager.loadPersistenceUnit(MetaDataManager.java:954)
	at org.datanucleus.enhancer.DataNucleusEnhancer.getFileMetadataForInput(DataNucleusEnhancer.java:793)
	at org.datanucleus.enhancer.DataNucleusEnhancer.enhance(DataNucleusEnhancer.java:525)
	at org.datanucleus.enhancer.DataNucleusEnhancer.main(DataNucleusEnhancer.java:1258)
Class "org.apache.logging.log4j.core.appender.db.jpa.converter.ThrowableAttributeConverter" was not found in the CLASSPATH. Please check your specification and your CLASSPATH.
org.datanucleus.exceptions.ClassNotResolvedException: Class "org.apache.logging.log4j.core.appender.db.jpa.converter.ThrowableAttributeConverter" was not found in the CLASSPATH. Please check your specification and your CLASSPATH.
	at org.datanucleus.JDOClassLoaderResolver.classForName(JDOClassLoaderResolver.java:245)
	at org.datanucleus.JDOClassLoaderResolver.classForName(JDOClassLoaderResolver.java:410)
	at org.datanucleus.metadata.MetaDataManager.loadPersistenceUnit(MetaDataManager.java:954)
	at org.datanucleus.enhancer.DataNucleusEnhancer.getFileMetadataForInput(DataNucleusEnhancer.java:793)
	at org.datanucleus.enhancer.DataNucleusEnhancer.enhance(DataNucleusEnhancer.java:525)
	at org.datanucleus.enhancer.DataNucleusEnhancer.main(DataNucleusEnhancer.java:1258)
19:17:54,947 (main) INFO  [DataNucleus.Enhancer] - DataNucleus Enhancer for API "JPA"
19:17:55,263 (main) INFO  [DataNucleus.Enhancer] - DataNucleus Enhancer (version 3.1.1) : Enhancement of classes
19:17:55,560 (main) ERROR [DataNucleus.Enhancer] - DataNucleus Enhancer completed with an error. Please review the enhancer log for full details. Some classes may have been enhanced but some caused errors
Errors were encountered when loading the MetaData for the persistence-unit "token-offline-engine-persistence-unit". See the nested exceptions for details
org.datanucleus.exceptions.NucleusUserException: Errors were encountered when loading the MetaData for the persistence-unit "token-offline-engine-persistence-unit". See the nested exceptions for details
	at org.datanucleus.metadata.MetaDataManager.loadPersistenceUnit(MetaDataManager.java:979)
	at org.datanucleus.enhancer.DataNucleusEnhancer.getFileMetadataForInput(DataNucleusEnhancer.java:793)
	at org.datanucleus.enhancer.DataNucleusEnhancer.enhance(DataNucleusEnhancer.java:525)
	at org.datanucleus.enhancer.DataNucleusEnhancer.main(DataNucleusEnhancer.java:1258)
Caused by: org.datanucleus.exceptions.ClassNotResolvedException: Class "org.apache.logging.log4j.core.appender.db.jpa.converter.MarkerAttributeConverter" was not found in the CLASSPATH. Please check your specification and your CLASSPATH.
	at org.datanucleus.JDOClassLoaderResolver.classForName(JDOClassLoaderResolver.java:245)
	at org.datanucleus.JDOClassLoaderResolver.classForName(JDOClassLoaderResolver.java:410)
	at org.datanucleus.metadata.MetaDataManager.loadPersistenceUnit(MetaDataManager.java:954)
	... 3 more
Nested Throwables StackTrace:
Class "org.apache.logging.log4j.core.appender.db.jpa.converter.MarkerAttributeConverter" was not found in the CLASSPATH. Please check your specification and your CLASSPATH.
org.datanucleus.exceptions.ClassNotResolvedException: Class "org.apache.logging.log4j.core.appender.db.jpa.converter.MarkerAttributeConverter" was not found in the CLASSPATH. Please check your specification and your CLASSPATH.
	at org.datanucleus.JDOClassLoaderResolver.classForName(JDOClassLoaderResolver.java:245)
	at org.datanucleus.JDOClassLoaderResolver.classForName(JDOClassLoaderResolver.java:410)
	at org.datanucleus.metadata.MetaDataManager.loadPersistenceUnit(MetaDataManager.java:954)
	at org.datanucleus.enhancer.DataNucleusEnhancer.getFileMetadataForInput(DataNucleusEnhancer.java:793)
	at org.datanucleus.enhancer.DataNucleusEnhancer.enhance(DataNucleusEnhancer.java:525)
	at org.datanucleus.enhancer.DataNucleusEnhancer.main(DataNucleusEnhancer.java:1258)
Class "org.apache.logging.log4j.core.appender.db.jpa.converter.ContextStackJsonAttributeConverter" was not found in the CLASSPATH. Please check your specification and your CLASSPATH.
org.datanucleus.exceptions.ClassNotResolvedException: Class "org.apache.logging.log4j.core.appender.db.jpa.converter.ContextStackJsonAttributeConverter" was not found in the CLASSPATH. Please check your specification and your CLASSPATH.
	at org.datanucleus.JDOClassLoaderResolver.classForName(JDOClassLoaderResolver.java:245)
	at org.datanucleus.JDOClassLoaderResolver.classForName(JDOClassLoaderResolver.java:410)
	at org.datanucleus.metadata.MetaDataManager.loadPersistenceUnit(MetaDataManager.java:954)
	at org.datanucleus.enhancer.DataNucleusEnhancer.getFileMetadataForInput(DataNucleusEnhancer.java:793)
	at org.datanucleus.enhancer.DataNucleusEnhancer.enhance(DataNucleusEnhancer.java:525)
	at org.datanucleus.enhancer.DataNucleusEnhancer.main(DataNucleusEnhancer.java:1258)
Class "org.apache.logging.log4j.core.appender.db.jpa.converter.ContextMapAttributeConverter" was not found in the CLASSPATH. Please check your specification and your CLASSPATH.
org.datanucleus.exceptions.ClassNotResolvedException: Class "org.apache.logging.log4j.core.appender.db.jpa.converter.ContextMapAttributeConverter" was not found in the CLASSPATH. Please check your specification and your CLASSPATH.
	at org.datanucleus.JDOClassLoaderResolver.classForName(JDOClassLoaderResolver.java:245)
	at org.datanucleus.JDOClassLoaderResolver.classForName(JDOClassLoaderResolver.java:410)
	at org.datanucleus.metadata.MetaDataManager.loadPersistenceUnit(MetaDataManager.java:954)
	at org.datanucleus.enhancer.DataNucleusEnhancer.getFileMetadataForInput(DataNucleusEnhancer.java:793)
	at org.datanucleus.enhancer.DataNucleusEnhancer.enhance(DataNucleusEnhancer.java:525)
	at org.datanucleus.enhancer.DataNucleusEnhancer.main(DataNucleusEnhancer.java:1258)
Class "org.apache.logging.log4j.core.appender.db.jpa.converter.StackTraceElementAttributeConverter" was not found in the CLASSPATH. Please check your specification and your CLASSPATH.
org.datanucleus.exceptions.ClassNotResolvedException: Class "org.apache.logging.log4j.core.appender.db.jpa.converter.StackTraceElementAttributeConverter" was not found in the CLASSPATH. Please check your specification and your CLASSPATH.
	at org.datanucleus.JDOClassLoaderResolver.classForName(JDOClassLoaderResolver.java:245)
	at org.datanucleus.JDOClassLoaderResolver.classForName(JDOClassLoaderResolver.java:410)
	at org.datanucleus.metadata.MetaDataManager.loadPersistenceUnit(MetaDataManager.java:954)
	at org.datanucleus.enhancer.DataNucleusEnhancer.getFileMetadataForInput(DataNucleusEnhancer.java:793)
	at org.datanucleus.enhancer.DataNucleusEnhancer.enhance(DataNucleusEnhancer.java:525)
	at org.datanucleus.enhancer.DataNucleusEnhancer.main(DataNucleusEnhancer.java:1258)
Class "org.apache.logging.log4j.core.appender.db.jpa.converter.ContextMapJsonAttributeConverter" was not found in the CLASSPATH. Please check your specification and your CLASSPATH.
org.datanucleus.exceptions.ClassNotResolvedException: Class "org.apache.logging.log4j.core.appender.db.jpa.converter.ContextMapJsonAttributeConverter" was not found in the CLASSPATH. Please check your specification and your CLASSPATH.
	at org.datanucleus.JDOClassLoaderResolver.classForName(JDOClassLoaderResolver.java:245)
	at org.datanucleus.JDOClassLoaderResolver.classForName(JDOClassLoaderResolver.java:410)
	at org.datanucleus.metadata.MetaDataManager.loadPersistenceUnit(MetaDataManager.java:954)
	at org.datanucleus.enhancer.DataNucleusEnhancer.getFileMetadataForInput(DataNucleusEnhancer.java:793)
	at org.datanucleus.enhancer.DataNucleusEnhancer.enhance(DataNucleusEnhancer.java:525)
	at org.datanucleus.enhancer.DataNucleusEnhancer.main(DataNucleusEnhancer.java:1258)
Class "org.apache.logging.log4j.core.appender.db.jpa.converter.MessageAttributeConverter" was not found in the CLASSPATH. Please check your specification and your CLASSPATH.
org.datanucleus.exceptions.ClassNotResolvedException: Class "org.apache.logging.log4j.core.appender.db.jpa.converter.MessageAttributeConverter" was not found in the CLASSPATH. Please check your specification and your CLASSPATH.
	at org.datanucleus.JDOClassLoaderResolver.classForName(JDOClassLoaderResolver.java:245)
	at org.datanucleus.JDOClassLoaderResolver.classForName(JDOClassLoaderResolver.java:410)
	at org.datanucleus.metadata.MetaDataManager.loadPersistenceUnit(MetaDataManager.java:954)
	at org.datanucleus.enhancer.DataNucleusEnhancer.getFileMetadataForInput(DataNucleusEnhancer.java:793)
	at org.datanucleus.enhancer.DataNucleusEnhancer.enhance(DataNucleusEnhancer.java:525)
	at org.datanucleus.enhancer.DataNucleusEnhancer.main(DataNucleusEnhancer.java:1258)
Class "org.apache.logging.log4j.core.appender.db.jpa.converter.ContextStackAttributeConverter" was not found in the CLASSPATH. Please check your specification and your CLASSPATH.
org.datanucleus.exceptions.ClassNotResolvedException: Class "org.apache.logging.log4j.core.appender.db.jpa.converter.ContextStackAttributeConverter" was not found in the CLASSPATH. Please check your specification and your CLASSPATH.
	at org.datanucleus.JDOClassLoaderResolver.classForName(JDOClassLoaderResolver.java:245)
	at org.datanucleus.JDOClassLoaderResolver.classForName(JDOClassLoaderResolver.java:410)
	at org.datanucleus.metadata.MetaDataManager.loadPersistenceUnit(MetaDataManager.java:954)
	at org.datanucleus.enhancer.DataNucleusEnhancer.getFileMetadataForInput(DataNucleusEnhancer.java:793)
	at org.datanucleus.enhancer.DataNucleusEnhancer.enhance(DataNucleusEnhancer.java:525)
	at org.datanucleus.enhancer.DataNucleusEnhancer.main(DataNucleusEnhancer.java:1258)
Class "org.apache.logging.log4j.core.appender.db.jpa.converter.ThrowableAttributeConverter" was not found in the CLASSPATH. Please check your specification and your CLASSPATH.
org.datanucleus.exceptions.ClassNotResolvedException: Class "org.apache.logging.log4j.core.appender.db.jpa.converter.ThrowableAttributeConverter" was not found in the CLASSPATH. Please check your specification and your CLASSPATH.
	at org.datanucleus.JDOClassLoaderResolver.classForName(JDOClassLoaderResolver.java:245)
	at org.datanucleus.JDOClassLoaderResolver.classForName(JDOClassLoaderResolver.java:410)
	at org.datanucleus.metadata.MetaDataManager.loadPersistenceUnit(MetaDataManager.java:954)
	at org.datanucleus.enhancer.DataNucleusEnhancer.getFileMetadataForInput(DataNucleusEnhancer.java:793)
	at org.datanucleus.enhancer.DataNucleusEnhancer.enhance(DataNucleusEnhancer.java:525)
	at org.datanucleus.enhancer.DataNucleusEnhancer.main(DataNucleusEnhancer.java:1258)
23:54:27,995 (main) INFO  [DataNucleus.Enhancer] - DataNucleus Enhancer for API "JPA"
23:54:28,153 (main) INFO  [DataNucleus.Enhancer] - DataNucleus Enhancer (version 3.1.1) : Enhancement of classes
23:54:28,342 (main) INFO  [DataNucleus.Enhancer] - Writing class file "/home/protoss78/git/token-offline-engine/target/classes/com/starnberger/tokenofflineengine/model/Token.class" with enhanced definition
23:54:28,345 (main) INFO  [DataNucleus.Enhancer] - Writing class file "/home/protoss78/git/token-offline-engine/target/classes/com/starnberger/tokenofflineengine/model/TokenModel.class" with enhanced definition
23:54:28,349 (main) INFO  [DataNucleus.Enhancer] - Writing class file "/home/protoss78/git/token-offline-engine/target/classes/com/starnberger/tokenofflineengine/model/SensorConfiguration.class" with enhanced definition
23:54:28,354 (main) INFO  [DataNucleus.Enhancer] - Writing class file "/home/protoss78/git/token-offline-engine/target/classes/com/starnberger/tokenofflineengine/model/SensorType.class" with enhanced definition
23:54:28,360 (main) INFO  [DataNucleus.Enhancer] - Writing class file "/home/protoss78/git/token-offline-engine/target/classes/com/starnberger/tokenofflineengine/model/Gateway.class" with enhanced definition
23:54:28,363 (main) INFO  [DataNucleus.Enhancer] - Writing class file "/home/protoss78/git/token-offline-engine/target/classes/com/starnberger/tokenofflineengine/model/SensorConfigValue.class" with enhanced definition
23:54:28,367 (main) INFO  [DataNucleus.Enhancer] - Writing class file "/home/protoss78/git/token-offline-engine/target/classes/com/starnberger/tokenofflineengine/model/TokenConfiguration.class" with enhanced definition
23:54:28,371 (main) INFO  [DataNucleus.Enhancer] - Writing class file "/home/protoss78/git/token-offline-engine/target/classes/com/starnberger/tokenofflineengine/model/SensorData.class" with enhanced definition
23:54:28,374 (main) INFO  [DataNucleus.Enhancer] - Writing class file "/home/protoss78/git/token-offline-engine/target/classes/com/starnberger/tokenofflineengine/model/SensorConfigParameter.class" with enhanced definition
23:54:28,378 (main) INFO  [DataNucleus.Enhancer] - Writing class file "/home/protoss78/git/token-offline-engine/target/classes/com/starnberger/tokenofflineengine/model/GatewayConfiguration.class" with enhanced definition
23:54:28,382 (main) INFO  [DataNucleus.Enhancer] - Writing class file "/home/protoss78/git/token-offline-engine/target/classes/com/starnberger/tokenofflineengine/model/Task.class" with enhanced definition
23:54:28,382 (main) INFO  [DataNucleus.Enhancer] - DataNucleus Enhancer completed with success for 11 classes. Timings : input=147 ms, enhance=81 ms, total=228 ms. Consult the log for full details
23:54:37,793 (main) INFO  [DataNucleus.Enhancer] - DataNucleus Enhancer for API "JPA"
23:54:37,935 (main) INFO  [DataNucleus.Enhancer] - DataNucleus Enhancer (version 3.1.1) : Enhancement of classes
23:54:38,122 (main) INFO  [DataNucleus.Enhancer] - Writing class file "/home/protoss78/git/token-offline-engine/target/classes/com/starnberger/tokenofflineengine/model/Token.class" with enhanced definition
23:54:38,127 (main) INFO  [DataNucleus.Enhancer] - Writing class file "/home/protoss78/git/token-offline-engine/target/classes/com/starnberger/tokenofflineengine/model/TokenModel.class" with enhanced definition
23:54:38,132 (main) INFO  [DataNucleus.Enhancer] - Writing class file "/home/protoss78/git/token-offline-engine/target/classes/com/starnberger/tokenofflineengine/model/SensorConfiguration.class" with enhanced definition
23:54:38,137 (main) INFO  [DataNucleus.Enhancer] - Writing class file "/home/protoss78/git/token-offline-engine/target/classes/com/starnberger/tokenofflineengine/model/SensorType.class" with enhanced definition
23:54:38,145 (main) INFO  [DataNucleus.Enhancer] - Writing class file "/home/protoss78/git/token-offline-engine/target/classes/com/starnberger/tokenofflineengine/model/Gateway.class" with enhanced definition
23:54:38,148 (main) INFO  [DataNucleus.Enhancer] - Writing class file "/home/protoss78/git/token-offline-engine/target/classes/com/starnberger/tokenofflineengine/model/SensorConfigValue.class" with enhanced definition
23:54:38,153 (main) INFO  [DataNucleus.Enhancer] - Writing class file "/home/protoss78/git/token-offline-engine/target/classes/com/starnberger/tokenofflineengine/model/TokenConfiguration.class" with enhanced definition
23:54:38,157 (main) INFO  [DataNucleus.Enhancer] - Writing class file "/home/protoss78/git/token-offline-engine/target/classes/com/starnberger/tokenofflineengine/model/SensorData.class" with enhanced definition
23:54:38,161 (main) INFO  [DataNucleus.Enhancer] - Writing class file "/home/protoss78/git/token-offline-engine/target/classes/com/starnberger/tokenofflineengine/model/SensorConfigParameter.class" with enhanced definition
23:54:38,165 (main) INFO  [DataNucleus.Enhancer] - Writing class file "/home/protoss78/git/token-offline-engine/target/classes/com/starnberger/tokenofflineengine/model/GatewayConfiguration.class" with enhanced definition
23:54:38,169 (main) INFO  [DataNucleus.Enhancer] - Writing class file "/home/protoss78/git/token-offline-engine/target/classes/com/starnberger/tokenofflineengine/model/Task.class" with enhanced definition
23:54:38,170 (main) INFO  [DataNucleus.Enhancer] - DataNucleus Enhancer completed with success for 11 classes. Timings : input=147 ms, enhance=87 ms, total=234 ms. Consult the log for full details
00:00:33,604 (main) INFO  [DataNucleus.Enhancer] - DataNucleus Enhancer for API "JPA"
00:00:33,764 (main) INFO  [DataNucleus.Enhancer] - DataNucleus Enhancer (version 3.1.1) : Enhancement of classes
00:00:33,959 (main) INFO  [DataNucleus.Enhancer] - Writing class file "/home/protoss78/git/token-offline-engine/target/classes/com/starnberger/tokenofflineengine/model/Token.class" with enhanced definition
00:00:33,964 (main) INFO  [DataNucleus.Enhancer] - Writing class file "/home/protoss78/git/token-offline-engine/target/classes/com/starnberger/tokenofflineengine/model/TokenModel.class" with enhanced definition
00:00:33,969 (main) INFO  [DataNucleus.Enhancer] - Writing class file "/home/protoss78/git/token-offline-engine/target/classes/com/starnberger/tokenofflineengine/model/SensorConfiguration.class" with enhanced definition
00:00:33,974 (main) INFO  [DataNucleus.Enhancer] - Writing class file "/home/protoss78/git/token-offline-engine/target/classes/com/starnberger/tokenofflineengine/model/SensorType.class" with enhanced definition
00:00:33,982 (main) INFO  [DataNucleus.Enhancer] - Writing class file "/home/protoss78/git/token-offline-engine/target/classes/com/starnberger/tokenofflineengine/model/Gateway.class" with enhanced definition
00:00:33,985 (main) INFO  [DataNucleus.Enhancer] - Writing class file "/home/protoss78/git/token-offline-engine/target/classes/com/starnberger/tokenofflineengine/model/SensorConfigValue.class" with enhanced definition
00:00:33,990 (main) INFO  [DataNucleus.Enhancer] - Writing class file "/home/protoss78/git/token-offline-engine/target/classes/com/starnberger/tokenofflineengine/model/TokenConfiguration.class" with enhanced definition
00:00:33,995 (main) INFO  [DataNucleus.Enhancer] - Writing class file "/home/protoss78/git/token-offline-engine/target/classes/com/starnberger/tokenofflineengine/model/SensorData.class" with enhanced definition
00:00:33,998 (main) INFO  [DataNucleus.Enhancer] - Writing class file "/home/protoss78/git/token-offline-engine/target/classes/com/starnberger/tokenofflineengine/model/SensorConfigParameter.class" with enhanced definition
00:00:34,002 (main) INFO  [DataNucleus.Enhancer] - Writing class file "/home/protoss78/git/token-offline-engine/target/classes/com/starnberger/tokenofflineengine/model/GatewayConfiguration.class" with enhanced definition
00:00:34,007 (main) INFO  [DataNucleus.Enhancer] - Writing class file "/home/protoss78/git/token-offline-engine/target/classes/com/starnberger/tokenofflineengine/model/Task.class" with enhanced definition
00:00:34,007 (main) INFO  [DataNucleus.Enhancer] - DataNucleus Enhancer completed with success for 11 classes. Timings : input=156 ms, enhance=85 ms, total=241 ms. Consult the log for full details
00:02:24,914 (main) INFO  [DataNucleus.Enhancer] - DataNucleus Enhancer for API "JPA"
00:02:25,065 (main) INFO  [DataNucleus.Enhancer] - DataNucleus Enhancer (version 3.1.1) : Enhancement of classes
00:02:25,259 (main) INFO  [DataNucleus.Enhancer] - Writing class file "/home/protoss78/git/token-offline-engine/target/classes/com/starnberger/tokenofflineengine/model/Token.class" with enhanced definition
00:02:25,264 (main) INFO  [DataNucleus.Enhancer] - Writing class file "/home/protoss78/git/token-offline-engine/target/classes/com/starnberger/tokenofflineengine/model/TokenModel.class" with enhanced definition
00:02:25,267 (main) INFO  [DataNucleus.Enhancer] - Writing class file "/home/protoss78/git/token-offline-engine/target/classes/com/starnberger/tokenofflineengine/model/SensorConfiguration.class" with enhanced definition
00:02:25,273 (main) INFO  [DataNucleus.Enhancer] - Writing class file "/home/protoss78/git/token-offline-engine/target/classes/com/starnberger/tokenofflineengine/model/SensorType.class" with enhanced definition
00:02:25,282 (main) INFO  [DataNucleus.Enhancer] - Writing class file "/home/protoss78/git/token-offline-engine/target/classes/com/starnberger/tokenofflineengine/model/Gateway.class" with enhanced definition
00:02:25,285 (main) INFO  [DataNucleus.Enhancer] - Writing class file "/home/protoss78/git/token-offline-engine/target/classes/com/starnberger/tokenofflineengine/model/SensorConfigValue.class" with enhanced definition
00:02:25,299 (main) INFO  [DataNucleus.Enhancer] - Writing class file "/home/protoss78/git/token-offline-engine/target/classes/com/starnberger/tokenofflineengine/model/TokenEntity.class" with enhanced definition
00:02:25,303 (main) INFO  [DataNucleus.Enhancer] - Writing class file "/home/protoss78/git/token-offline-engine/target/classes/com/starnberger/tokenofflineengine/model/TokenConfiguration.class" with enhanced definition
00:02:25,306 (main) INFO  [DataNucleus.Enhancer] - Writing class file "/home/protoss78/git/token-offline-engine/target/classes/com/starnberger/tokenofflineengine/model/SyncEntity.class" with enhanced definition
00:02:25,310 (main) INFO  [DataNucleus.Enhancer] - Writing class file "/home/protoss78/git/token-offline-engine/target/classes/com/starnberger/tokenofflineengine/model/SensorData.class" with enhanced definition
00:02:25,314 (main) INFO  [DataNucleus.Enhancer] - Writing class file "/home/protoss78/git/token-offline-engine/target/classes/com/starnberger/tokenofflineengine/model/SensorConfigParameter.class" with enhanced definition
00:02:25,318 (main) INFO  [DataNucleus.Enhancer] - Writing class file "/home/protoss78/git/token-offline-engine/target/classes/com/starnberger/tokenofflineengine/model/GatewayConfiguration.class" with enhanced definition
00:02:25,321 (main) INFO  [DataNucleus.Enhancer] - Writing class file "/home/protoss78/git/token-offline-engine/target/classes/com/starnberger/tokenofflineengine/model/Task.class" with enhanced definition
00:02:25,321 (main) INFO  [DataNucleus.Enhancer] - DataNucleus Enhancer completed with success for 13 classes. Timings : input=157 ms, enhance=97 ms, total=254 ms. Consult the log for full details
00:03:35,326 (main) INFO  [DataNucleus.Enhancer] - DataNucleus Enhancer for API "JPA"
00:03:35,468 (main) INFO  [DataNucleus.Enhancer] - DataNucleus Enhancer (version 3.1.1) : Enhancement of classes
00:03:35,649 (main) INFO  [DataNucleus.Enhancer] - Writing class file "/home/protoss78/git/token-offline-engine/target/classes/com/starnberger/tokenofflineengine/model/Token.class" with enhanced definition
00:03:35,652 (main) INFO  [DataNucleus.Enhancer] - Writing class file "/home/protoss78/git/token-offline-engine/target/classes/com/starnberger/tokenofflineengine/model/TokenModel.class" with enhanced definition
00:03:35,656 (main) INFO  [DataNucleus.Enhancer] - Writing class file "/home/protoss78/git/token-offline-engine/target/classes/com/starnberger/tokenofflineengine/model/SensorConfiguration.class" with enhanced definition
00:03:35,660 (main) INFO  [DataNucleus.Enhancer] - Writing class file "/home/protoss78/git/token-offline-engine/target/classes/com/starnberger/tokenofflineengine/model/SensorType.class" with enhanced definition
00:03:35,666 (main) INFO  [DataNucleus.Enhancer] - Writing class file "/home/protoss78/git/token-offline-engine/target/classes/com/starnberger/tokenofflineengine/model/Gateway.class" with enhanced definition
00:03:35,669 (main) INFO  [DataNucleus.Enhancer] - Writing class file "/home/protoss78/git/token-offline-engine/target/classes/com/starnberger/tokenofflineengine/model/SensorConfigValue.class" with enhanced definition
00:03:35,682 (main) INFO  [DataNucleus.Enhancer] - Writing class file "/home/protoss78/git/token-offline-engine/target/classes/com/starnberger/tokenofflineengine/model/TokenEntity.class" with enhanced definition
00:03:35,686 (main) INFO  [DataNucleus.Enhancer] - Writing class file "/home/protoss78/git/token-offline-engine/target/classes/com/starnberger/tokenofflineengine/model/TokenConfiguration.class" with enhanced definition
00:03:35,688 (main) INFO  [DataNucleus.Enhancer] - Writing class file "/home/protoss78/git/token-offline-engine/target/classes/com/starnberger/tokenofflineengine/model/SyncEntity.class" with enhanced definition
00:03:35,692 (main) INFO  [DataNucleus.Enhancer] - Writing class file "/home/protoss78/git/token-offline-engine/target/classes/com/starnberger/tokenofflineengine/model/SensorData.class" with enhanced definition
00:03:35,695 (main) INFO  [DataNucleus.Enhancer] - Writing class file "/home/protoss78/git/token-offline-engine/target/classes/com/starnberger/tokenofflineengine/model/SensorConfigParameter.class" with enhanced definition
00:03:35,699 (main) INFO  [DataNucleus.Enhancer] - Writing class file "/home/protoss78/git/token-offline-engine/target/classes/com/starnberger/tokenofflineengine/model/GatewayConfiguration.class" with enhanced definition
00:03:35,702 (main) INFO  [DataNucleus.Enhancer] - Writing class file "/home/protoss78/git/token-offline-engine/target/classes/com/starnberger/tokenofflineengine/model/Task.class" with enhanced definition
00:03:35,702 (main) INFO  [DataNucleus.Enhancer] - DataNucleus Enhancer completed with success for 13 classes. Timings : input=145 ms, enhance=88 ms, total=233 ms. Consult the log for full details
00:13:55,556 (main) INFO  [DataNucleus.Enhancer] - DataNucleus Enhancer for API "JPA"
00:13:55,715 (main) INFO  [DataNucleus.Enhancer] - DataNucleus Enhancer (version 3.1.1) : Enhancement of classes
00:13:55,912 (main) INFO  [DataNucleus.Enhancer] - Writing class file "/home/protoss78/git/token-offline-engine/target/classes/com/starnberger/tokenofflineengine/model/Token.class" with enhanced definition
00:13:55,916 (main) INFO  [DataNucleus.Enhancer] - Writing class file "/home/protoss78/git/token-offline-engine/target/classes/com/starnberger/tokenofflineengine/model/TokenModel.class" with enhanced definition
00:13:55,921 (main) INFO  [DataNucleus.Enhancer] - Writing class file "/home/protoss78/git/token-offline-engine/target/classes/com/starnberger/tokenofflineengine/model/SensorConfiguration.class" with enhanced definition
00:13:55,927 (main) INFO  [DataNucleus.Enhancer] - Writing class file "/home/protoss78/git/token-offline-engine/target/classes/com/starnberger/tokenofflineengine/model/SensorType.class" with enhanced definition
00:13:55,935 (main) INFO  [DataNucleus.Enhancer] - Writing class file "/home/protoss78/git/token-offline-engine/target/classes/com/starnberger/tokenofflineengine/model/Gateway.class" with enhanced definition
00:13:55,939 (main) INFO  [DataNucleus.Enhancer] - Writing class file "/home/protoss78/git/token-offline-engine/target/classes/com/starnberger/tokenofflineengine/model/SensorConfigValue.class" with enhanced definition
00:13:55,953 (main) INFO  [DataNucleus.Enhancer] - Writing class file "/home/protoss78/git/token-offline-engine/target/classes/com/starnberger/tokenofflineengine/model/TokenEntity.class" with enhanced definition
00:13:55,957 (main) INFO  [DataNucleus.Enhancer] - Writing class file "/home/protoss78/git/token-offline-engine/target/classes/com/starnberger/tokenofflineengine/model/TokenConfiguration.class" with enhanced definition
00:13:55,959 (main) INFO  [DataNucleus.Enhancer] - Writing class file "/home/protoss78/git/token-offline-engine/target/classes/com/starnberger/tokenofflineengine/model/SyncEntity.class" with enhanced definition
00:13:55,963 (main) INFO  [DataNucleus.Enhancer] - Writing class file "/home/protoss78/git/token-offline-engine/target/classes/com/starnberger/tokenofflineengine/model/SensorData.class" with enhanced definition
00:13:55,968 (main) INFO  [DataNucleus.Enhancer] - Writing class file "/home/protoss78/git/token-offline-engine/target/classes/com/starnberger/tokenofflineengine/model/SensorConfigParameter.class" with enhanced definition
00:13:55,971 (main) INFO  [DataNucleus.Enhancer] - Writing class file "/home/protoss78/git/token-offline-engine/target/classes/com/starnberger/tokenofflineengine/model/GatewayConfiguration.class" with enhanced definition
00:13:55,974 (main) INFO  [DataNucleus.Enhancer] - Writing class file "/home/protoss78/git/token-offline-engine/target/classes/com/starnberger/tokenofflineengine/model/Task.class" with enhanced definition
00:13:55,974 (main) INFO  [DataNucleus.Enhancer] - DataNucleus Enhancer completed with success for 13 classes. Timings : input=156 ms, enhance=102 ms, total=258 ms. Consult the log for full details
00:22:08,701 (main) INFO  [DataNucleus.Enhancer] - DataNucleus Enhancer for API "JPA"
00:22:08,860 (main) INFO  [DataNucleus.Enhancer] - DataNucleus Enhancer (version 3.1.1) : Enhancement of classes
00:22:09,053 (main) INFO  [DataNucleus.Enhancer] - Writing class file "/home/protoss78/git/token-offline-engine/target/classes/com/starnberger/tokenofflineengine/model/Token.class" with enhanced definition
00:22:09,058 (main) INFO  [DataNucleus.Enhancer] - Writing class file "/home/protoss78/git/token-offline-engine/target/classes/com/starnberger/tokenofflineengine/model/TokenModel.class" with enhanced definition
00:22:09,062 (main) INFO  [DataNucleus.Enhancer] - Writing class file "/home/protoss78/git/token-offline-engine/target/classes/com/starnberger/tokenofflineengine/model/SensorConfiguration.class" with enhanced definition
00:22:09,068 (main) INFO  [DataNucleus.Enhancer] - Writing class file "/home/protoss78/git/token-offline-engine/target/classes/com/starnberger/tokenofflineengine/model/SensorType.class" with enhanced definition
00:22:09,076 (main) INFO  [DataNucleus.Enhancer] - Writing class file "/home/protoss78/git/token-offline-engine/target/classes/com/starnberger/tokenofflineengine/model/Gateway.class" with enhanced definition
00:22:09,079 (main) INFO  [DataNucleus.Enhancer] - Writing class file "/home/protoss78/git/token-offline-engine/target/classes/com/starnberger/tokenofflineengine/model/SensorConfigValue.class" with enhanced definition
00:22:09,093 (main) INFO  [DataNucleus.Enhancer] - Writing class file "/home/protoss78/git/token-offline-engine/target/classes/com/starnberger/tokenofflineengine/model/TokenEntity.class" with enhanced definition
00:22:09,098 (main) INFO  [DataNucleus.Enhancer] - Writing class file "/home/protoss78/git/token-offline-engine/target/classes/com/starnberger/tokenofflineengine/model/TokenConfiguration.class" with enhanced definition
00:22:09,102 (main) INFO  [DataNucleus.Enhancer] - Writing class file "/home/protoss78/git/token-offline-engine/target/classes/com/starnberger/tokenofflineengine/model/SyncEntity.class" with enhanced definition
00:22:09,107 (main) INFO  [DataNucleus.Enhancer] - Writing class file "/home/protoss78/git/token-offline-engine/target/classes/com/starnberger/tokenofflineengine/model/SensorData.class" with enhanced definition
00:22:09,111 (main) INFO  [DataNucleus.Enhancer] - Writing class file "/home/protoss78/git/token-offline-engine/target/classes/com/starnberger/tokenofflineengine/model/SensorConfigParameter.class" with enhanced definition
00:22:09,115 (main) INFO  [DataNucleus.Enhancer] - Writing class file "/home/protoss78/git/token-offline-engine/target/classes/com/starnberger/tokenofflineengine/model/GatewayConfiguration.class" with enhanced definition
00:22:09,118 (main) INFO  [DataNucleus.Enhancer] - Writing class file "/home/protoss78/git/token-offline-engine/target/classes/com/starnberger/tokenofflineengine/model/Task.class" with enhanced definition
00:22:09,118 (main) INFO  [DataNucleus.Enhancer] - DataNucleus Enhancer completed with success for 13 classes. Timings : input=154 ms, enhance=102 ms, total=256 ms. Consult the log for full details
00:22:53,875 (main) INFO  [DataNucleus.Enhancer] - DataNucleus Enhancer for API "JPA"
00:22:54,033 (main) INFO  [DataNucleus.Enhancer] - DataNucleus Enhancer (version 3.1.1) : Enhancement of classes
00:22:54,234 (main) INFO  [DataNucleus.Enhancer] - Writing class file "/home/protoss78/git/token-offline-engine/target/classes/com/starnberger/tokenofflineengine/model/Token.class" with enhanced definition
00:22:54,239 (main) INFO  [DataNucleus.Enhancer] - Writing class file "/home/protoss78/git/token-offline-engine/target/classes/com/starnberger/tokenofflineengine/model/TokenModel.class" with enhanced definition
00:22:54,244 (main) INFO  [DataNucleus.Enhancer] - Writing class file "/home/protoss78/git/token-offline-engine/target/classes/com/starnberger/tokenofflineengine/model/SensorConfiguration.class" with enhanced definition
00:22:54,249 (main) INFO  [DataNucleus.Enhancer] - Writing class file "/home/protoss78/git/token-offline-engine/target/classes/com/starnberger/tokenofflineengine/model/SensorType.class" with enhanced definition
00:22:54,257 (main) INFO  [DataNucleus.Enhancer] - Writing class file "/home/protoss78/git/token-offline-engine/target/classes/com/starnberger/tokenofflineengine/model/Gateway.class" with enhanced definition
00:22:54,261 (main) INFO  [DataNucleus.Enhancer] - Writing class file "/home/protoss78/git/token-offline-engine/target/classes/com/starnberger/tokenofflineengine/model/SensorConfigValue.class" with enhanced definition
00:22:54,275 (main) INFO  [DataNucleus.Enhancer] - Writing class file "/home/protoss78/git/token-offline-engine/target/classes/com/starnberger/tokenofflineengine/model/TokenEntity.class" with enhanced definition
00:22:54,279 (main) INFO  [DataNucleus.Enhancer] - Writing class file "/home/protoss78/git/token-offline-engine/target/classes/com/starnberger/tokenofflineengine/model/TokenConfiguration.class" with enhanced definition
00:22:54,282 (main) INFO  [DataNucleus.Enhancer] - Writing class file "/home/protoss78/git/token-offline-engine/target/classes/com/starnberger/tokenofflineengine/model/SyncEntity.class" with enhanced definition
00:22:54,286 (main) INFO  [DataNucleus.Enhancer] - Writing class file "/home/protoss78/git/token-offline-engine/target/classes/com/starnberger/tokenofflineengine/model/SensorData.class" with enhanced definition
00:22:54,290 (main) INFO  [DataNucleus.Enhancer] - Writing class file "/home/protoss78/git/token-offline-engine/target/classes/com/starnberger/tokenofflineengine/model/SensorConfigParameter.class" with enhanced definition
00:22:54,294 (main) INFO  [DataNucleus.Enhancer] - Writing class file "/home/protoss78/git/token-offline-engine/target/classes/com/starnberger/tokenofflineengine/model/GatewayConfiguration.class" with enhanced definition
00:22:54,297 (main) INFO  [DataNucleus.Enhancer] - Writing class file "/home/protoss78/git/token-offline-engine/target/classes/com/starnberger/tokenofflineengine/model/Task.class" with enhanced definition
00:22:54,297 (main) INFO  [DataNucleus.Enhancer] - DataNucleus Enhancer completed with success for 13 classes. Timings : input=162 ms, enhance=100 ms, total=262 ms. Consult the log for full details
